<?xml version="1.0" encoding="UTF-8"?>
<!-- Generated by org.testng.reporters.JUnitXMLReporter -->
<testsuite hostname="LAPTOP-NQB66EQE" ignored="2" name="Surefire test" tests="2" failures="0" timestamp="07 May 2018 09:08:37 GMT" time="14.314" errors="0">
  <testcase name="openGooglePageTest" time="5.412" classname="myTest.GoogleTest"/>
  <testcase name="openWikiPageTest" time="5.674" classname="myTest.GoogleTest"/>
  <testcase name="@AfterTest closeDriverTest" time="0.0" classname="myTest.BaseTest">
    <ignored/>
  </testcase> <!-- @AfterTest closeDriverTest -->
  <testcase name="@BeforeTest beforeTest" time="0.0" classname="myTest.BaseTest">
    <ignored/>
  </testcase> <!-- @BeforeTest beforeTest -->
</testsuite> <!-- Surefire test -->
